<?xml version="1.0" encoding="UTF-8"?>
<!-- Generated by org.testng.reporters.JUnitXMLReporter -->
<testsuite hostname="LAPTOP-GFPBB0D8" ignored="0" name="Test" tests="1" failures="1" timestamp="16 Jan 2022 08:18:46 GMT" time="21.479" errors="0">
  <testcase name="test" time="6.246" classname="tests.NewTest">
    <failure type="java.lang.AssertionError" message="expected [true] but found [false]">
      <![CDATA[java.lang.AssertionError: expected [true] but found [false]
	at pages.HomePage.navigateToSection(HomePage.java:27)
	at tests.NewTest.test(NewTest.java:32)
... Removed 29 stack frames]]>
    </failure>
  </testcase> <!-- test -->
</testsuite> <!-- Test -->
